android/build/outputs/mapping/release/seeds.txt
com.tasteoftranquility.game.AndroidLauncher
com.tasteoftranquility.game.AndroidLauncher: AndroidLauncher()
...
kotlinx.coroutines.scheduling.CoroutineScheduler$Worker: int workerCtl
androidx.versionedparcelable.ParcelImpl: android.os.Parcelable$Creator CREATOR
kotlinx.coroutines.internal.LockFreeTaskQueue: java.lang.Object _cur
kotlinx.coroutines.scheduling.WorkQueue: java.lang.Object lastScheduledTask
kotlinx.coroutines.internal.LockFreeTaskQueueCore: long _state
kotlinx.coroutines.scheduling.CoroutineScheduler$Worker: int indexInArray
kotlin.coroutines.AbstractCoroutineContextElement: kotlin.coroutines.CoroutineContext$Key key
kotlinx.coroutines.DefaultExecutor: int debugStatus
kotlinx.coroutines.EventLoopImplBase: java.lang.Object _queue
kotlinx.coroutines.scheduling.CoroutineScheduler$Worker: java.lang.Object nextParkedWorker
kotlinx.coroutines.EventLoopImplBase: java.lang.Object _delayed
kotlinx.coroutines.internal.ResizableAtomicArray: java.util.concurrent.atomic.AtomicReferenceArray array
com.badlogic.gdx.utils.BufferUtils: void copyJni(float[],java.nio.Buffer,int,int)
com.badlogic.gdx.controllers.android.AndroidControllers: AndroidControllers()
com.badlogic.gdx.graphics.Mesh$VertexDataType: com.badlogic.gdx.graphics.Mesh$VertexDataType[] values()
androidx.core.graphics.drawable.IconCompatParcelizer: androidx.core.graphics.drawable.IconCompat read(androidx.versionedparcelable.VersionedParcel)
com.badlogic.gdx.graphics.Pixmap$Filter: com.badlogic.gdx.graphics.Pixmap$Filter[] values()
com.badlogic.gdx.graphics.Texture$TextureWrap: com.badlogic.gdx.graphics.Texture$TextureWrap valueOf(java.lang.String)
com.badlogic.gdx.maps.tiled.TiledMapTile$BlendMode: com.badlogic.gdx.maps.tiled.TiledMapTile$BlendMode valueOf(java.lang.String)
android.support.v4.graphics.drawable.IconCompatParcelizer: IconCompatParcelizer()
kotlinx.coroutines.android.AndroidExceptionPreHandler: java.lang.reflect.Method preHandler()
kotlinx.coroutines.android.AndroidExceptionPreHandler: void handleException(kotlin.coroutines.CoroutineContext,java.lang.Throwable)
kotlin.coroutines.AbstractCoroutineContextElement: java.lang.Object fold(java.lang.Object,kotlin.jvm.functions.Function2)
kotlinx.coroutines.android.AndroidDispatcherFactory: java.lang.String hintOnError()
com.badlogic.gdx.graphics.Texture$TextureFilter: com.badlogic.gdx.graphics.Texture$TextureFilter valueOf(java.lang.String)
androidx.core.app.RemoteActionCompatParcelizer: void write(androidx.core.app.RemoteActionCompat,androidx.versionedparcelable.VersionedParcel)
com.badlogic.gdx.graphics.Texture$TextureWrap: com.badlogic.gdx.graphics.Texture$TextureWrap[] values()
com.badlogic.gdx.graphics.TextureData$TextureDataType: com.badlogic.gdx.graphics.TextureData$TextureDataType[] values()
com.badlogic.gdx.graphics.glutils.HdpiMode: com.badlogic.gdx.graphics.glutils.HdpiMode valueOf(java.lang.String)
kotlin.coroutines.AbstractCoroutineContextElement: kotlin.coroutines.CoroutineContext$Element get(kotlin.coroutines.CoroutineContext$Key)
com.badlogic.gdx.graphics.glutils.GLVersion$Type: com.badlogic.gdx.graphics.glutils.GLVersion$Type[] values()
android.support.v4.graphics.drawable.IconCompatParcelizer: androidx.core.graphics.drawable.IconCompat read(androidx.versionedparcelable.VersionedParcel)
com.badlogic.gdx.graphics.g2d.Gdx2DPixmap: java.lang.String getFailureReason()
com.badlogic.gdx.graphics.Texture$TextureFilter: com.badlogic.gdx.graphics.Texture$TextureFilter[] values()
kotlin.internal.jdk8.JDK8PlatformImplementations: JDK8PlatformImplementations()
com.badlogic.gdx.graphics.glutils.GLVersion$Type: com.badlogic.gdx.graphics.glutils.GLVersion$Type valueOf(java.lang.String)
com.badlogic.gdx.utils.BufferUtils: java.nio.ByteBuffer newDisposableByteBuffer(int)
com.badlogic.gdx.Input$Orientation: com.badlogic.gdx.Input$Orientation valueOf(java.lang.String)
androidx.core.graphics.drawable.IconCompat: IconCompat()
com.badlogic.gdx.graphics.g2d.Gdx2DPixmap: void clear(long,int)
com.badlogic.gdx.math.Matrix4: void prj(float[],float[],int,int,int)