android/build/outputs/mapping/release/mapping.txt
# compiler: R8
# compiler_version: 8.1.65
# min_api: 16
# common_typos_disable
# {"id":"com.android.tools.r8.mapping","version":"2.2"}
# pg_map_id: 7ba058d
# pg_map_hash: SHA-256 7ba058d2ed9ce16f51d3b7b2b76ce23b463b600b162ebe3ddf94ceec64dea3de
com.tasteoftranquility.game.Main -> z.a:
    float unitScale -> b
    float gameWidth -> c
    float gameHeight -> d
    1:1:void <init>():0:0 -> <init>
    1:1:void resume():0:0 -> a
    1:1:void pause():0:0 -> b
    1:1:void dispose():0:0 -> c
    1:1:void resize(int,int):0:0 -> d
    1:1:void create():0:0 -> e
com.tasteoftranquility.game.screens.BaseScreen -> a0.a:
    com.badlogic.gdx.Game game -> a
    1:1:void <init>(com.badlogic.gdx.Game):0:0 -> <init>
      # {"id":"com.android.tools.r8.residualsignature","signature":"(Lc/h;)V"}
com.tasteoftranquility.game.screens.PlayGameScreen -> a0.b:
    com.tasteoftranquility.game.systems.MapR mapR -> b
    com.badlogic.gdx.graphics.OrthographicCamera camera -> c
    com.badlogic.gdx.utils.viewport.Viewport viewport -> d
    com.badlogic.gdx.graphics.g2d.SpriteBatch batch -> e
    com.tasteoftranquility.game.Main main -> f
    float unitScale -> g
    1:1:void <init>(com.badlogic.gdx.Game):0:0 -> <init>
      # {"id":"com.android.tools.r8.residualsignature","signature":"(Lc/h;)V"}
    1:1:void resume():0:0 -> a
    1:1:void pause():0:0 -> b
    1:1:void render(float):0:0 -> c
    1:1:void resize(int,int):0:0 -> d
    1:1:void hide():0:0 -> e
    1:1:void show():0:0 -> f
    1:1:void draw():0:0 -> g
    1:1:void update():0:0 -> h
com.tasteoftranquility.game.systems.MapR -> b0.a:
    com.badlogic.gdx.maps.tiled.renderers.OrthogonalTiledMapRenderer renderer -> a
    com.badlogic.gdx.maps.tiled.TiledMap map -> b
    float unitScale -> c
    1:1:void <init>(float):0:0 -> <init>
    1:1:void render(com.badlogic.gdx.graphics.OrthographicCamera):0:0 -> a
      # {"id":"com.android.tools.r8.residualsignature","signature":"(Lk/h;)V"}
...
com.badlogic.gdx.utils.IntIntMap$Entry -> w.h$b:
    int key -> a
    int value -> b
    void <init>() -> <init>
    1:1:java.lang.String toString():0:0 -> toString
com.badlogic.gdx.utils.IntIntMap$MapIterator -> w.h$c:
    boolean hasNext -> d
    com.badlogic.gdx.utils.IntIntMap map -> e
    int nextIndex -> f
    int currentIndex -> g
    boolean valid -> h
    1:1:void <init>(com.badlogic.gdx.utils.IntIntMap):0:0 -> <init>
      # {"id":"com.android.tools.r8.residualsignature","signature":"(Lw/h;)V"}
    1:1:void findNextIndex():0:0 -> a
    1:1:void reset():0:0 -> b
    1:1:void remove():0:0 -> remove
com.badlogic.gdx.utils.IntMap -> w.i:
    int size -> d
    int[] keyTable -> e
    java.lang.Object[] valueTable -> f
    java.lang.Object zeroValue -> g
    boolean hasZeroValue -> h
    float loadFactor -> i
    int threshold -> j
    int shift -> k
    int mask -> l
    com.badlogic.gdx.utils.IntMap$Entries entries1 -> m
    com.badlogic.gdx.utils.IntMap$Entries entries2 -> n
    com.badlogic.gdx.utils.IntMap$Values values1 -> o
    com.badlogic.gdx.utils.IntMap$Values values2 -> p
    1:1:void <init>():0:0 -> <init>
    2:2:void <init>(int,float):0:0 -> <init>
    1:1:void ensureCapacity(int):0:0 -> a
    1:1:com.badlogic.gdx.utils.IntMap$Entries entries():0:0 -> b
      # {"id":"com.android.tools.r8.residualsignature","signature":"()Lw/i$a;"}
    1:1:java.lang.Object get(int,java.lang.Object):0:0 -> c
    1:1:int locateKey(int):0:0 -> d
    1:1:int place(int):0:0 -> e
    1:1:boolean equals(java.lang.Object):0:0 -> equals
    1:1:java.lang.Object put(int,java.lang.Object):0:0 -> f
    1:1:void putAll(com.badlogic.gdx.utils.IntMap):0:0 -> g
      # {"id":"com.android.tools.r8.residualsignature","signature":"(Lw/i;)V"}
    1:1:java.lang.Object get(int):0:0 -> get
    1:1:void putResize(int,java.lang.Object):0:0 -> h
    1:1:int hashCode():0:0 -> hashCode
    1:1:void resize(int):0:0 -> i
    1:1:java.util.Iterator iterator():0:0 -> iterator
    1:1:com.badlogic.gdx.utils.IntMap$Values values():0:0 -> j
com.badlogic.gdx.utils.IntMap$Entries -> w.i$a:
    com.badlogic.gdx.utils.IntMap$Entry entry -> i
    1:1:void <init>(com.badlogic.gdx.utils.IntMap):0:0 -> <init>
      # {"id":"com.android.tools.r8.residualsignature","signature":"(Lw/i;)V"}
    1:1:void reset():0:0 -> b
    1:1:com.badlogic.gdx.utils.IntMap$Entry next():0:0 -> c
      # {"id":"com.android.tools.r8.residualsignature","signature":"()Lw/i$b;"}
    1:1:boolean hasNext():0:0 -> hasNext
    1:1:java.util.Iterator iterator():0:0 -> iterator
    1:1:java.lang.Object next():0:0 -> next
    1:1:void remove():0:0 -> remove
com.badlogic.gdx.utils.IntMap$Entry -> w.i$b:
    int key -> a
    java.lang.Object value -> b
    void <init>() -> <init>
    1:1:java.lang.String toString():0:0 -> toString
com.badlogic.gdx.utils.IntMap$MapIterator -> w.i$c:
    boolean hasNext -> d
    com.badlogic.gdx.utils.IntMap map -> e
    int nextIndex -> f
    int currentIndex -> g
    boolean valid -> h
    1:1:void <init>(com.badlogic.gdx.utils.IntMap):0:0 -> <init>
      # {"id":"com.android.tools.r8.residualsignature","signature":"(Lw/i;)V"}
    1:1:void findNextIndex():0:0 -> a
    1:1:void reset():0:0 -> b
    1:1:void remove():0:0 -> remove
com.badlogic.gdx.utils.IntMap$Values -> w.i$d:
    1:1:void <init>(com.badlogic.gdx.utils.IntMap):0:0 -> <init>
      # {"id":"com.android.tools.r8.residualsignature","signature":"(Lw/i;)V"}
    1:1:void reset():0:0 -> b
    1:1:boolean hasNext():0:0 -> hasNext
    1:1:java.util.Iterator iterator():0:0 -> iterator
    1:1:java.lang.Object next():0:0 -> next
    1:1:void remove():0:0 -> remove