android/build/outputs/mapping/release/usage.txt
com.tasteoftranquility.game.BuildConfig
com.tasteoftranquility.game.R$anim
com.tasteoftranquility.game.R$animator
com.tasteoftranquility.game.R$attr
com.tasteoftranquility.game.R$color
com.tasteoftranquility.game.R$dimen
com.tasteoftranquility.game.R$drawable
com.tasteoftranquility.game.R$id
com.tasteoftranquility.game.R$integer
com.tasteoftranquility.game.R$layout
com.tasteoftranquility.game.R$string
com.tasteoftranquility.game.R$style
com.tasteoftranquility.game.R$styleable
com.tasteoftranquility.game.R
com.tasteoftranquility.game.screens.BaseScreen:
    public abstract void draw()
    public abstract void update()
com.tasteoftranquility.game.screens.MainMenuScreen
com.tasteoftranquility.game.screens.PlayGameScreen:
    public void dispose()
com.tasteoftranquility.game.systems.MapR:
    public void dispose()
...
com.badlogic.gdx.utils.OrderedMap
com.badlogic.gdx.utils.OrderedSet$OrderedSetIterator
com.badlogic.gdx.utils.OrderedSet
com.badlogic.gdx.utils.PauseableThread
com.badlogic.gdx.utils.PerformanceCounter
com.badlogic.gdx.utils.PerformanceCounters
com.badlogic.gdx.utils.Pool:
    public void <init>(int)
    public void clear()
    public void fill(int)
    public int getFree()
com.badlogic.gdx.utils.PooledLinkedList$1
com.badlogic.gdx.utils.PooledLinkedList$Item
com.badlogic.gdx.utils.PooledLinkedList
com.badlogic.gdx.utils.Pools
com.badlogic.gdx.utils.Predicate$PredicateIterable
com.badlogic.gdx.utils.Predicate$PredicateIterator
com.badlogic.gdx.utils.Predicate
com.badlogic.gdx.utils.PropertiesUtils
com.badlogic.gdx.utils.QuadTreeFloat$1
com.badlogic.gdx.utils.QuadTreeFloat
com.badlogic.gdx.utils.Queue$QueueIterable
com.badlogic.gdx.utils.Queue$QueueIterator
com.badlogic.gdx.utils.Queue
com.badlogic.gdx.utils.QuickSelect
com.badlogic.gdx.utils.ReflectionPool
com.badlogic.gdx.utils.ScreenUtils
com.badlogic.gdx.utils.Select
com.badlogic.gdx.utils.SerializationException:
    public void <init>()
    public void addTrace(java.lang.String)
    public boolean causedBy(java.lang.Class)
    private boolean causedBy(java.lang.Throwable,java.lang.Class)
com.badlogic.gdx.utils.SharedLibraryLoadRuntimeException:
    private static final long serialVersionUID
com.badlogic.gdx.utils.SharedLibraryLoader:
    public void <init>(java.lang.String)
    private boolean canExecute(java.io.File)
    private boolean canWrite(java.io.File)
    public java.io.File extractFile(java.lang.String,java.lang.String)
    public void extractFileTo(java.lang.String,java.io.File)
    private java.io.File getExtractedFile(java.lang.String,java.lang.String)
    static java.lang.String randomUUID()
com.badlogic.gdx.utils.ShortArray
com.badlogic.gdx.utils.SnapshotArray:
    public void <init>()
    public void <init>(int)
    public void <init>(com.badlogic.gdx.utils.Array)
    public void <init>(boolean,int)
    public void <init>(boolean,int,java.lang.Class)
    public void <init>(boolean,java.lang.Object[],int,int)
    public void <init>(java.lang.Object[])
    public void insert(int,java.lang.Object)
    public void insertRange(int,int)
    public boolean removeAll(com.badlogic.gdx.utils.Array,boolean)
    public void removeRange(int,int)
    public void reverse()
    public void set(int,java.lang.Object)
    public java.lang.Object[] setSize(int)
    public void shuffle()
    public void sort()
    public void sort(java.util.Comparator)
    public void swap(int,int)
    public void truncate(int)
    public static varargs com.badlogic.gdx.utils.SnapshotArray with(java.lang.Object[])
com.badlogic.gdx.utils.Sort
com.badlogic.gdx.utils.SortedIntList$Iterator
com.badlogic.gdx.utils.SortedIntList$Node
com.badlogic.gdx.utils.SortedIntList$NodePool
com.badlogic.gdx.utils.SortedIntList
com.badlogic.gdx.utils.StreamUtils$OptimizedByteArrayOutputStream:
    public byte[] getBuffer()
com.badlogic.gdx.utils.StreamUtils:
    public static final int DEFAULT_BUFFER_SIZE
    public void <init>()
    public static int copyStream(java.io.InputStream,java.nio.ByteBuffer,byte[])
    public static void copyStream(java.io.InputStream,java.io.OutputStream,int)
    public static void copyStream(java.io.InputStream,java.nio.ByteBuffer)
    public static void copyStream(java.io.InputStream,java.nio.ByteBuffer,int)
    public static byte[] copyStreamToByteArray(java.io.InputStream)
    public static java.lang.String copyStreamToString(java.io.InputStream)
    public static java.lang.String copyStreamToString(java.io.InputStream,int)
    public static java.lang.String copyStreamToString(java.io.InputStream,int,java.lang.String)